<?xml version="1.0" encoding="UTF-8"?>
<!-- Generated by org.testng.reporters.JUnitXMLReporter -->
<testsuite hostname="DESKTOP-SFM659O" ignored="0" name="Application Test" tests="3" failures="0" timestamp="12 May 2018 03:42:31 GMT" time="22.762" errors="0">
  <testcase name="VerifyFlightsTabCanBeClicked" time="0.367" classname="testNGTestCases.A_FlightsTabTestCases"/>
  <testcase name="VerifyFlightsTabCanBeClickedReturnMethod" time="0.281" classname="testNGTestCases.A_FlightsTabTestCases"/>
  <testcase name="VerifyFlightsText" time="0.055" classname="testNGTestCases.A_FlightsTabTestCases"/>
</testsuite> <!-- Application Test -->
