<?xml version="1.0" encoding="UTF-8"?>
<!-- Generated by org.testng.reporters.JUnitXMLReporter -->
<testsuite hostname="DESKTOP-SFM659O" ignored="0" name="Application Test2" tests="4" failures="0" timestamp="12 May 2018 02:18:00 GMT" time="22.539" errors="0">
  <testcase name="testMethod1" time="0.001" classname="testNGTestCases.TestNG_TestClass1"/>
  <testcase name="testMethod2" time="0.001" classname="testNGTestCases.TestNG_TestClass1"/>
  <testcase name="testMethod1" time="7.433" classname="testNGTestCases.TestNG_TestClass2"/>
  <testcase name="testMethod2" time="0.002" classname="testNGTestCases.TestNG_TestClass2"/>
</testsuite> <!-- Application Test2 -->
