<?xml version="1.0" encoding="UTF-8"?>
<!-- Generated by org.testng.reporters.JUnitXMLReporter -->
<testsuite hostname="DESKTOP-SFM659O" ignored="0" name="Default test" tests="3" failures="0" timestamp="12 May 2018 03:49:17 GMT" time="21.446" errors="0">
  <testcase name="VerifyFlightsTabCanBeClicked" time="0.342" classname="testNGTestCases.A_FlightsTabTestCases"/>
  <testcase name="VerifyFlightsTabCanBeClickedReturnMethod" time="0.278" classname="testNGTestCases.A_FlightsTabTestCases"/>
  <testcase name="VerifyFlightsText" time="0.077" classname="testNGTestCases.A_FlightsTabTestCases"/>
</testsuite> <!-- Default test -->
