<?xml version="1.0" encoding="UTF-8"?>
<testng-results skipped="0" failed="0" ignored="0" total="3" passed="3">
  <reporter-output>
  </reporter-output>
  <suite name="Default suite" duration-ms="21446" started-at="2018-05-12T03:48:56Z" finished-at="2018-05-12T03:49:17Z">
    <groups>
    </groups>
    <test name="Default test" duration-ms="21446" started-at="2018-05-12T03:48:56Z" finished-at="2018-05-12T03:49:17Z">
      <class name="testNGTestCases.A_FlightsTabTestCases">
        <test-method status="PASS" signature="beforeClass()[pri:0, instance:testNGTestCases.A_FlightsTabTestCases@77caeb3e]" name="beforeClass" is-config="true" duration-ms="18696" started-at="2018-05-12T03:48:56Z" finished-at="2018-05-12T03:49:15Z">
          <reporter-output>
          </reporter-output>
        </test-method> <!-- beforeClass -->
        <test-method status="PASS" signature="VerifyFlightsTabCanBeClicked()[pri:0, instance:testNGTestCases.A_FlightsTabTestCases@77caeb3e]" name="VerifyFlightsTabCanBeClicked" duration-ms="342" started-at="2018-05-12T03:49:15Z" finished-at="2018-05-12T03:49:15Z">
          <reporter-output>
          </reporter-output>
        </test-method> <!-- VerifyFlightsTabCanBeClicked -->
        <test-method status="PASS" signature="VerifyFlightsTabCanBeClickedReturnMethod()[pri:0, instance:testNGTestCases.A_FlightsTabTestCases@77caeb3e]" name="VerifyFlightsTabCanBeClickedReturnMethod" duration-ms="278" started-at="2018-05-12T03:49:15Z" finished-at="2018-05-12T03:49:15Z">
          <reporter-output>
          </reporter-output>
        </test-method> <!-- VerifyFlightsTabCanBeClickedReturnMethod -->
        <test-method status="PASS" signature="VerifyFlightsText()[pri:0, instance:testNGTestCases.A_FlightsTabTestCases@77caeb3e]" name="VerifyFlightsText" duration-ms="77" started-at="2018-05-12T03:49:15Z" finished-at="2018-05-12T03:49:15Z">
          <reporter-output>
          </reporter-output>
        </test-method> <!-- VerifyFlightsText -->
        <test-method status="PASS" signature="afterTest()[pri:0, instance:testNGTestCases.A_FlightsTabTestCases@77caeb3e]" name="afterTest" is-config="true" duration-ms="2022" started-at="2018-05-12T03:49:15Z" finished-at="2018-05-12T03:49:17Z">
          <reporter-output>
          </reporter-output>
        </test-method> <!-- afterTest -->
      </class> <!-- testNGTestCases.A_FlightsTabTestCases -->
    </test> <!-- Default test -->
  </suite> <!-- Default suite -->
</testng-results>
